<?xml version="1.0" encoding="UTF-8"?>
<!-- Generated by org.testng.reporters.JUnitXMLReporter -->
<testsuite ignored="0" hostname="DESKTOP-1H5PBRD" failures="0" tests="4" name="EdgeBrowser" time="31.232" errors="0" timestamp="2023-12-25T12:13:32 IST">
  <testcase classname="com.facebookV1.testCases.Validation" name="login" time="0.314"/>
  <testcase classname="com.facebookV1.testCases.Validation" name="validating" time="11.675"/>
  <testcase classname="com.facebookV1.testCases.Validation" name="name" time="5.284"/>
  <testcase classname="com.facebookV1.testCases.Validation" name="nameSearch" time="10.728"/>
</testsuite> <!-- EdgeBrowser -->
