<?xml version="1.0" encoding="UTF-8"?>
<!-- Generated by org.testng.reporters.JUnitXMLReporter -->
<testsuite ignored="0" hostname="DESKTOP-1H5PBRD" failures="0" tests="4" name="FaceBook" time="35.97" errors="0" timestamp="2023-12-26T14:00:05 IST">
  <testcase classname="com.facebookV1.testCases.FaceBook" name="login" time="0.47"/>
  <testcase classname="com.facebookV1.testCases.FaceBook" name="validating" time="12.804"/>
  <testcase classname="com.facebookV1.testCases.FaceBook" name="name" time="5.325"/>
  <testcase classname="com.facebookV1.testCases.FaceBook" name="nameSearch" time="10.668"/>
</testsuite> <!-- FaceBook -->
