<?xml version="1.0" encoding="UTF-8"?>
<!-- Generated by org.testng.reporters.JUnitXMLReporter -->
<testsuite ignored="0" hostname="DESKTOP-1H5PBRD" failures="0" tests="3" name="Orangehrm" time="28.109" errors="0" timestamp="2023-12-26T14:00:33 IST">
  <testcase classname="com.facebookV1.testCases.OrangehrmLoginTC" name="loginDDt" time="6.977"/>
  <testcase classname="com.facebookV1.testCases.OrangehrmLoginTC" name="loginDDt" time="7.06"/>
  <testcase classname="com.facebookV1.testCases.OrangehrmLoginTC" name="loginDDt" time="7.041"/>
</testsuite> <!-- Orangehrm -->
