<?xml version="1.0" encoding="UTF-8"?>
<!-- Generated by org.testng.reporters.JUnitXMLReporter -->
<testsuite ignored="0" hostname="DESKTOP-1H5PBRD" failures="0" tests="3" name="Orangehrm" time="29.45" errors="0" timestamp="2023-12-27T11:08:57 IST">
  <testcase classname="com.facebookV1.testCases.OrangehrmLoginTC" name="loginDDt" time="7.201"/>
  <testcase classname="com.facebookV1.testCases.OrangehrmLoginTC" name="loginDDt" time="7.451"/>
  <testcase classname="com.facebookV1.testCases.OrangehrmLoginTC" name="loginDDt" time="7.672"/>
</testsuite> <!-- Orangehrm -->
