<?xml version="1.0" encoding="UTF-8"?>
<testsuite xmlns:xsi="http://www.w3.org/2001/XMLSchema-instance" xsi:noNamespaceSchemaLocation="https://maven.apache.org/surefire/maven-surefire-plugin/xsd/surefire-test-report-3.0.xsd" version="3.0" name="TestSuite" time="68.818" tests="7" errors="0" skipped="0" failures="0">
  <properties>
[...]
</properties>
  <testcase name="login" classname="com.facebookV1.testCases.FaceBook" time="1.048">
    <system-err><![CDATA[SLF4J: Failed to load class "org.slf4j.impl.StaticLoggerBinder".
SLF4J: Defaulting to no-operation (NOP) logger implementation
SLF4J: See http://www.slf4j.org/codes.html#StaticLoggerBinder for further details.
]]></system-err>
  </testcase>
  <testcase name="validating" classname="com.facebookV1.testCases.FaceBook" time="14.767">
    <system-out><![CDATA[Screenshot Taken Validation_2023%12%27%11%08%05%591.png
UserName is not Matching Mahesh Lavanya
Test 2 is executed
]]></system-out>
  </testcase>
  <testcase name="name" classname="com.facebookV1.testCases.FaceBook" time="5.402">
    <system-out><![CDATA[Screenshot Taken name_2023%12%27%11%08%11%015.png
The page contains the specified element.
Test 3 is executed
]]></system-out>
  </testcase>
  <testcase name="nameSearch" classname="com.facebookV1.testCases.FaceBook" time="11.079">
    <system-out><![CDATA[Screenshot Taken nameSearch_2023%12%27%11%08%22%095.png
Test 4 is executed
]]></system-out>
  </testcase>
  <testcase name="loginDDt[srf, fdre](1)" classname="com.facebookV1.testCases.OrangehrmLoginTC" time="7.204">
    <system-out><![CDATA[Screenshot Taken loginDDt_2023%12%27%11%08%35%303.png
Screenshot Taken loginDDt_2023%12%27%11%08%35%554.png
Screenshot Taken loginDDt_2023%12%27%11%08%35%816.png
Screenshot Taken loginDDt_2023%12%27%11%08%37%016.png
Actual Text Present Invalid credentials
]]></system-out>
    <system-err><![CDATA[ERROR StatusLogger Log4j2 could not find a logging implementation. Please add log4j-core to the classpath. Using SimpleLogger to log to the console...
]]></system-err>
  </testcase>
  <testcase name="loginDDt[mgr2847, hdwchd](2)" classname="com.facebookV1.testCases.OrangehrmLoginTC" time="7.452">
    <system-out><![CDATA[Screenshot Taken loginDDt_2023%12%27%11%08%42%273.png
Screenshot Taken loginDDt_2023%12%27%11%08%42%503.png
Screenshot Taken loginDDt_2023%12%27%11%08%42%751.png
Screenshot Taken loginDDt_2023%12%27%11%08%44%496.png
Actual Text Present Invalid credentials
]]></system-out>
  </testcase>
  <testcase name="loginDDt[anr82344, maheshmahe](3)" classname="com.facebookV1.testCases.OrangehrmLoginTC" time="7.685">
    <system-out><![CDATA[Screenshot Taken loginDDt_2023%12%27%11%08%49%730.png
Screenshot Taken loginDDt_2023%12%27%11%08%49%976.png
Screenshot Taken loginDDt_2023%12%27%11%08%50%268.png
Screenshot Taken loginDDt_2023%12%27%11%08%52%173.png
Actual Text Present Invalid credentials
]]></system-out>
  </testcase>
</testsuite>