<?xml version="1.0" encoding="UTF-8"?>
<testng-results ignored="0" total="7" passed="7" failed="0" skipped="0">
  <reporter-output>
  </reporter-output>
  <suite started-at="2023-12-27T11:07:49 IST" name="suite" finished-at="2023-12-27T11:08:57 IST" duration-ms="67936">
    <groups>
    </groups>
    <test started-at="2023-12-27T11:07:49 IST" name="FaceBook" finished-at="2023-12-27T11:08:27 IST" duration-ms="38177">
      <class name="com.facebookV1.testCases.FaceBook">
        <test-method is-config="true" signature="launchBrowser(java.lang.String,java.lang.String)[pri:0, instance:com.facebookV1.testCases.FaceBook@206a70ef]" started-at="2023-12-27T11:07:49 IST" name="launchBrowser" finished-at="2023-12-27T11:07:54 IST" duration-ms="5082" status="PASS">
          <params>
            <param index="0">
              <value>
                <![CDATA[chrome]]>
              </value>
            </param>
            <param index="1">
              <value>
                <![CDATA[facebook]]>
              </value>
            </param>
          </params>
          <reporter-output>
          </reporter-output>
        </test-method> <!-- launchBrowser -->
        <test-method signature="login()[pri:1, instance:com.facebookV1.testCases.FaceBook@206a70ef]" started-at="2023-12-27T11:07:54 IST" name="login" finished-at="2023-12-27T11:07:55 IST" duration-ms="1020" status="PASS">
          <reporter-output>
          </reporter-output>
        </test-method> <!-- login -->
        <test-method signature="validating()[pri:2, instance:com.facebookV1.testCases.FaceBook@206a70ef]" started-at="2023-12-27T11:07:55 IST" name="validating" finished-at="2023-12-27T11:08:10 IST" duration-ms="14763" status="PASS">
          <reporter-output>
          </reporter-output>
        </test-method> <!-- validating -->
        <test-method signature="name()[pri:3, instance:com.facebookV1.testCases.FaceBook@206a70ef]" started-at="2023-12-27T11:08:10 IST" name="name" finished-at="2023-12-27T11:08:16 IST" duration-ms="5402" status="PASS">
          <reporter-output>
          </reporter-output>
        </test-method> <!-- name -->
        <test-method signature="nameSearch()[pri:4, instance:com.facebookV1.testCases.FaceBook@206a70ef]" started-at="2023-12-27T11:08:16 IST" name="nameSearch" finished-at="2023-12-27T11:08:27 IST" duration-ms="11078" status="PASS">
          <reporter-output>
          </reporter-output>
        </test-method> <!-- nameSearch -->
        <test-method is-config="true" signature="teardown()[pri:0, instance:com.facebookV1.testCases.FaceBook@206a70ef]" started-at="2023-12-27T11:08:27 IST" name="teardown" finished-at="2023-12-27T11:08:27 IST" duration-ms="541" status="PASS">
          <reporter-output>
          </reporter-output>
        </test-method> <!-- teardown -->
      </class> <!-- com.facebookV1.testCases.FaceBook -->
    </test> <!-- FaceBook -->
    <test started-at="2023-12-27T11:08:27 IST" name="Orangehrm" finished-at="2023-12-27T11:08:57 IST" duration-ms="29450">
      <class name="com.facebookV1.testCases.OrangehrmLoginTC">
        <test-method is-config="true" signature="launchBrowser(java.lang.String,java.lang.String)[pri:0, instance:com.facebookV1.testCases.OrangehrmLoginTC@5dda768f]" started-at="2023-12-27T11:08:28 IST" name="launchBrowser" finished-at="2023-12-27T11:08:33 IST" duration-ms="5482" status="PASS">
          <params>
            <param index="0">
              <value>
                <![CDATA[chrome]]>
              </value>
            </param>
            <param index="1">
              <value>
                <![CDATA[orangehrm]]>
              </value>
            </param>
          </params>
          <reporter-output>
          </reporter-output>
        </test-method> <!-- launchBrowser -->
        <test-method signature="loginDDt(java.lang.String,java.lang.String)[pri:0, instance:com.facebookV1.testCases.OrangehrmLoginTC@5dda768f]" started-at="2023-12-27T11:08:34 IST" name="loginDDt" data-provider="LoginData" finished-at="2023-12-27T11:08:42 IST" duration-ms="7201" status="PASS">
          <params>
            <param index="0">
              <value>
                <![CDATA[srf]]>
              </value>
            </param>
            <param index="1">
              <value>
                <![CDATA[fdre]]>
              </value>
            </param>
          </params>
          <reporter-output>
          </reporter-output>
        </test-method> <!-- loginDDt -->
        <test-method signature="loginDDt(java.lang.String,java.lang.String)[pri:0, instance:com.facebookV1.testCases.OrangehrmLoginTC@5dda768f]" started-at="2023-12-27T11:08:42 IST" name="loginDDt" data-provider="LoginData" finished-at="2023-12-27T11:08:49 IST" duration-ms="7451" status="PASS">
          <params>
            <param index="0">
              <value>
                <![CDATA[mgr2847]]>
              </value>
            </param>
            <param index="1">
              <value>
                <![CDATA[hdwchd]]>
              </value>
            </param>
          </params>
          <reporter-output>
          </reporter-output>
        </test-method> <!-- loginDDt -->
        <test-method signature="loginDDt(java.lang.String,java.lang.String)[pri:0, instance:com.facebookV1.testCases.OrangehrmLoginTC@5dda768f]" started-at="2023-12-27T11:08:49 IST" name="loginDDt" data-provider="LoginData" finished-at="2023-12-27T11:08:57 IST" duration-ms="7672" status="PASS">
          <params>
            <param index="0">
              <value>
                <![CDATA[anr82344]]>
              </value>
            </param>
            <param index="1">
              <value>
                <![CDATA[maheshmahe]]>
              </value>
            </param>
          </params>
          <reporter-output>
          </reporter-output>
        </test-method> <!-- loginDDt -->
        <test-method is-config="true" signature="teardown()[pri:0, instance:com.facebookV1.testCases.OrangehrmLoginTC@5dda768f]" started-at="2023-12-27T11:08:57 IST" name="teardown" finished-at="2023-12-27T11:08:57 IST" duration-ms="231" status="PASS">
          <reporter-output>
          </reporter-output>
        </test-method> <!-- teardown -->
      </class> <!-- com.facebookV1.testCases.OrangehrmLoginTC -->
    </test> <!-- Orangehrm -->
  </suite> <!-- suite -->
</testng-results>
